<?xml version="1.0" encoding="UTF-8"?>
<!-- Generated by org.testng.reporters.JUnitXMLReporter -->
<testsuite ignored="0" hostname="DESKTOP-HQH6ISR" failures="0" tests="4" name="Default test" time="14.238" errors="0" timestamp="2026-03-11T21:12:56 SAST">
  <testcase classname="Ecommerce.OrangeHrm" name="openapp" time="5.893"/>
  <testcase classname="Ecommerce.OrangeHrm" name="testLogo" time="3.064"/>
  <testcase classname="Ecommerce.OrangeHrm" name="testLogin" time="0.175"/>
  <testcase classname="Ecommerce.OrangeHrm" name="testLogout" time="5.066"/>
</testsuite> <!-- Default test -->
