<?xml version="1.0" encoding="UTF-8"?>
<!-- Generated by org.testng.reporters.JUnitXMLReporter -->
<testsuite ignored="0" hostname="DESKTOP-HQH6ISR" failures="1" tests="7" name="Test" time="25.73" errors="0" timestamp="2026-03-11T23:58:49 SAST">
  <testcase classname="Ecommerce.OrangeHrm" name="openapp" time="5.84"/>
  <testcase classname="Ecommerce.OrangeHrm" name="testLogo" time="3.032"/>
  <testcase classname="Ecommerce.OrangeHrm" name="testLogin" time="0.18"/>
  <testcase classname="Ecommerce.OrangeHrm" name="testLogout" time="5.302"/>
  <testcase classname="Ecommerce.OrangeHrmReport" name="testLogo" time="3.034"/>
  <testcase classname="Ecommerce.OrangeHrmReport" name="testAppUrl" time="0.009">
    <failure type="java.lang.AssertionError" message="expected [https://opensource-demo.orangehrm.com/web/index.php/auth/login] but found [https://opensource-demo.orangehrmlive.com/web/index.php/auth/login]">
      <![CDATA[java.lang.AssertionError: expected [https://opensource-demo.orangehrm.com/web/index.php/auth/login] but found [https://opensource-demo.orangehrmlive.com/web/index.php/auth/login]
at Ecommerce.OrangeHrmReport.testAppUrl(OrangeHrmReport.java:44)
at java.base/java.util.ArrayList.forEach(ArrayList.java:1604)
... Removed 31 stack frames]]>
    </failure>
  </testcase> <!-- testAppUrl -->
  <testcase classname="Ecommerce.OrangeHrmReport" name="testHomePageTitle" time="0.0">
    <skipped/>
  </testcase> <!-- testHomePageTitle -->
</testsuite> <!-- Test -->
