<?xml version="1.0" encoding="UTF-8"?>
<testng-results ignored="0" total="7" passed="5" failed="1" skipped="1">
  <reporter-output>
  </reporter-output>
  <suite started-at="2026-03-11T21:13:29 SAST" name="Suite" finished-at="2026-03-11T21:13:54 SAST" duration-ms="24741">
    <groups>
    </groups>
    <test started-at="2026-03-11T21:13:29 SAST" name="Test" finished-at="2026-03-11T21:13:54 SAST" duration-ms="24741">
      <class name="Ecommerce.OrangeHrmReport">
        <test-method is-config="true" signature="login()[pri:0, instance:Ecommerce.OrangeHrmReport@4fb61f4a]" started-at="2026-03-11T21:13:43 SAST" name="login" finished-at="2026-03-11T21:13:51 SAST" duration-ms="7919" status="PASS">
          <reporter-output>
          </reporter-output>
        </test-method> <!-- login -->
        <test-method signature="testLogo()[pri:1, instance:Ecommerce.OrangeHrmReport@4fb61f4a]" started-at="2026-03-11T21:13:51 SAST" name="testLogo" finished-at="2026-03-11T21:13:54 SAST" duration-ms="3048" status="PASS">
          <reporter-output>
          </reporter-output>
        </test-method> <!-- testLogo -->
        <test-method signature="testAppUrl()[pri:2, instance:Ecommerce.OrangeHrmReport@4fb61f4a]" started-at="2026-03-11T21:13:54 SAST" name="testAppUrl" finished-at="2026-03-11T21:13:54 SAST" duration-ms="9" status="FAIL">
          <exception class="java.lang.AssertionError">
            <message>
              <![CDATA[expected [https://opensource-demo.orangehrm.com/web/index.php/auth/login] but found [https://opensource-demo.orangehrmlive.com/web/index.php/auth/login]]]>
            </message>
            <full-stacktrace>
              <![CDATA[java.lang.AssertionError: expected [https://opensource-demo.orangehrm.com/web/index.php/auth/login] but found [https://opensource-demo.orangehrmlive.com/web/index.php/auth/login]
at org.testng.Assert.fail(Assert.java:111)
at org.testng.Assert.failNotEquals(Assert.java:1590)
at org.testng.Assert.assertEqualsImpl(Assert.java:150)
at org.testng.Assert.assertEquals(Assert.java:132)
at org.testng.Assert.assertEquals(Assert.java:656)
at org.testng.Assert.assertEquals(Assert.java:666)
at Ecommerce.OrangeHrmReport.testAppUrl(OrangeHrmReport.java:44)
at java.base/jdk.internal.reflect.DirectMethodHandleAccessor.invoke(DirectMethodHandleAccessor.java:104)
at java.base/java.lang.reflect.Method.invoke(Method.java:565)
at org.testng.internal.invokers.MethodInvocationHelper.invokeMethod(MethodInvocationHelper.java:141)
at org.testng.internal.invokers.TestInvoker.invokeMethod(TestInvoker.java:687)
at org.testng.internal.invokers.TestInvoker.invokeTestMethod(TestInvoker.java:230)
at org.testng.internal.invokers.MethodRunner.runInSequence(MethodRunner.java:63)
at org.testng.internal.invokers.TestInvoker$MethodInvocationAgent.invoke(TestInvoker.java:995)
at org.testng.internal.invokers.TestInvoker.invokeTestMethods(TestInvoker.java:203)
at org.testng.internal.invokers.TestMethodWorker.invokeTestMethods(TestMethodWorker.java:154)
at org.testng.internal.invokers.TestMethodWorker.run(TestMethodWorker.java:134)
at java.base/java.util.ArrayList.forEach(ArrayList.java:1604)
at org.testng.TestRunner.privateRun(TestRunner.java:741)
at org.testng.TestRunner.run(TestRunner.java:616)
at org.testng.SuiteRunner.runTest(SuiteRunner.java:421)
at org.testng.SuiteRunner.runSequentially(SuiteRunner.java:413)
at org.testng.SuiteRunner.privateRun(SuiteRunner.java:373)
at org.testng.SuiteRunner.run(SuiteRunner.java:312)
at org.testng.SuiteRunnerWorker.runSuite(SuiteRunnerWorker.java:52)
at org.testng.SuiteRunnerWorker.run(SuiteRunnerWorker.java:95)
at org.testng.TestNG.runSuitesSequentially(TestNG.java:1274)
at org.testng.TestNG.runSuitesLocally(TestNG.java:1208)
at org.testng.TestNG.runSuites(TestNG.java:1112)
at org.testng.TestNG.run(TestNG.java:1079)
at org.testng.remote.AbstractRemoteTestNG.run(AbstractRemoteTestNG.java:115)
at org.testng.remote.RemoteTestNG.initAndRun(RemoteTestNG.java:293)
at org.testng.remote.RemoteTestNG.main(RemoteTestNG.java:91)
]]>
            </full-stacktrace>
          </exception> <!-- java.lang.AssertionError -->
          <reporter-output>
          </reporter-output>
        </test-method> <!-- testAppUrl -->
        <test-method signature="testHomePageTitle()[pri:3, instance:Ecommerce.OrangeHrmReport@4fb61f4a]" started-at="2026-03-11T21:13:54 SAST" name="testHomePageTitle" finished-at="2026-03-11T21:13:54 SAST" depends-on-methods="Ecommerce.OrangeHrmReport.testAppUrl" duration-ms="0" status="SKIP">
          <exception class="java.lang.Throwable">
            <message>
              <![CDATA[Method Ecommerce.OrangeHrmReport.testHomePageTitle() on instance Ecommerce.OrangeHrmReport@4fb61f4a depends on not successfully finished methods 
[Ecommerce.OrangeHrmReport.testAppUrl() on instance Ecommerce.OrangeHrmReport@4fb61f4a]]]>
            </message>
            <full-stacktrace>
              <![CDATA[java.lang.Throwable: Method Ecommerce.OrangeHrmReport.testHomePageTitle() on instance Ecommerce.OrangeHrmReport@4fb61f4a depends on not successfully finished methods 
[Ecommerce.OrangeHrmReport.testAppUrl() on instance Ecommerce.OrangeHrmReport@4fb61f4a]
at org.testng.internal.invokers.TestInvoker.invokeTestMethods(TestInvoker.java:159)
at org.testng.internal.invokers.TestMethodWorker.invokeTestMethods(TestMethodWorker.java:154)
at org.testng.internal.invokers.TestMethodWorker.run(TestMethodWorker.java:134)
at java.base/java.util.ArrayList.forEach(ArrayList.java:1604)
at org.testng.TestRunner.privateRun(TestRunner.java:741)
at org.testng.TestRunner.run(TestRunner.java:616)
at org.testng.SuiteRunner.runTest(SuiteRunner.java:421)
at org.testng.SuiteRunner.runSequentially(SuiteRunner.java:413)
at org.testng.SuiteRunner.privateRun(SuiteRunner.java:373)
at org.testng.SuiteRunner.run(SuiteRunner.java:312)
at org.testng.SuiteRunnerWorker.runSuite(SuiteRunnerWorker.java:52)
at org.testng.SuiteRunnerWorker.run(SuiteRunnerWorker.java:95)
at org.testng.TestNG.runSuitesSequentially(TestNG.java:1274)
at org.testng.TestNG.runSuitesLocally(TestNG.java:1208)
at org.testng.TestNG.runSuites(TestNG.java:1112)
at org.testng.TestNG.run(TestNG.java:1079)
at org.testng.remote.AbstractRemoteTestNG.run(AbstractRemoteTestNG.java:115)
at org.testng.remote.RemoteTestNG.initAndRun(RemoteTestNG.java:293)
at org.testng.remote.RemoteTestNG.main(RemoteTestNG.java:91)
]]>
            </full-stacktrace>
          </exception> <!-- java.lang.Throwable -->
          <reporter-output>
          </reporter-output>
        </test-method> <!-- testHomePageTitle -->
        <test-method is-config="true" signature="logout()[pri:0, instance:Ecommerce.OrangeHrmReport@4fb61f4a]" started-at="2026-03-11T21:13:54 SAST" name="logout" finished-at="2026-03-11T21:13:54 SAST" duration-ms="153" status="PASS">
          <reporter-output>
          </reporter-output>
        </test-method> <!-- logout -->
      </class> <!-- Ecommerce.OrangeHrmReport -->
      <class name="Ecommerce.OrangeHrm">
        <test-method signature="openapp()[pri:1, instance:Ecommerce.OrangeHrm@5f058f00]" started-at="2026-03-11T21:13:29 SAST" name="openapp" finished-at="2026-03-11T21:13:34 SAST" duration-ms="5112" status="PASS">
          <reporter-output>
          </reporter-output>
        </test-method> <!-- openapp -->
        <test-method signature="testLogo()[pri:2, instance:Ecommerce.OrangeHrm@5f058f00]" started-at="2026-03-11T21:13:34 SAST" name="testLogo" finished-at="2026-03-11T21:13:38 SAST" duration-ms="3033" status="PASS">
          <reporter-output>
          </reporter-output>
        </test-method> <!-- testLogo -->
        <test-method signature="testLogin()[pri:3, instance:Ecommerce.OrangeHrm@5f058f00]" started-at="2026-03-11T21:13:38 SAST" name="testLogin" finished-at="2026-03-11T21:13:38 SAST" duration-ms="177" status="PASS">
          <reporter-output>
          </reporter-output>
        </test-method> <!-- testLogin -->
        <test-method signature="testLogout()[pri:4, instance:Ecommerce.OrangeHrm@5f058f00]" started-at="2026-03-11T21:13:38 SAST" name="testLogout" finished-at="2026-03-11T21:13:43 SAST" duration-ms="5044" status="PASS">
          <reporter-output>
          </reporter-output>
        </test-method> <!-- testLogout -->
      </class> <!-- Ecommerce.OrangeHrm -->
    </test> <!-- Test -->
  </suite> <!-- Suite -->
</testng-results>
