<?xml version="1.0" encoding="UTF-8"?>
<!-- Generated by org.testng.reporters.JUnitReportReporter -->
<testsuite hostname="DESKTOP-HQH6ISR" failures="0" tests="4" name="Ecommerce.ExtentReportManager$OrangeHrm" time="13.384" errors="0" timestamp="2026-03-11T19:59:56 SAST" skipped="0">
  <testcase classname="Ecommerce.ExtentReportManager$OrangeHrm" name="openapp" time="5.173"/>
  <testcase classname="Ecommerce.ExtentReportManager$OrangeHrm" name="testLogo" time="3.037"/>
  <testcase classname="Ecommerce.ExtentReportManager$OrangeHrm" name="testLogin" time="0.172"/>
  <testcase classname="Ecommerce.ExtentReportManager$OrangeHrm" name="testLogout" time="5.002"/>
</testsuite> <!-- Ecommerce.ExtentReportManager$OrangeHrm -->
