<?xml version="1.0" encoding="UTF-8"?>
<!-- Generated by org.testng.reporters.JUnitReportReporter -->
<testsuite hostname="DESKTOP-HQH6ISR" failures="0" tests="4" name="Ecommerce.OrangeHrm" time="13.366" errors="0" timestamp="2026-03-11T21:13:54 SAST" skipped="0">
  <testcase classname="Ecommerce.OrangeHrm" name="openapp" time="5.112"/>
  <testcase classname="Ecommerce.OrangeHrm" name="testLogo" time="3.033"/>
  <testcase classname="Ecommerce.OrangeHrm" name="testLogin" time="0.177"/>
  <testcase classname="Ecommerce.OrangeHrm" name="testLogout" time="5.044"/>
</testsuite> <!-- Ecommerce.OrangeHrm -->
