<?xml version="1.0" encoding="UTF-8"?>
<!-- Generated by org.testng.reporters.JUnitReportReporter -->
<testsuite hostname="DESKTOP-HQH6ISR" failures="0" tests="4" name="Ecommerce.OrangeHrm" time="14.354" errors="0" timestamp="2026-03-11T23:58:49 SAST" skipped="0">
  <testcase classname="Ecommerce.OrangeHrm" name="openapp" time="5.840"/>
  <testcase classname="Ecommerce.OrangeHrm" name="testLogo" time="3.032"/>
  <testcase classname="Ecommerce.OrangeHrm" name="testLogin" time="0.180"/>
  <testcase classname="Ecommerce.OrangeHrm" name="testLogout" time="5.302"/>
</testsuite> <!-- Ecommerce.OrangeHrm -->
